 \__, |\__,_|_|  \__,_|_| |_|\__| 
    |_|                           

Version: 1.17.0, build: 4ab6d2ee
Access web UI at http://localhost:6333/dashboard

2026-03-12T01:18:37.843760Z  INFO storage::content_manager::consensus::persistent: Loading raft state from ./storage/raft_state.json
2026-03-12T01:18:37.856778Z DEBUG storage::content_manager::consensus::persistent: State: Persistent { state: RaftState { hard_state: HardState { term: 0, vote: 0, commit: 0 }, conf_state: ConfState { voters: [8756626355060636], learners: [], voters_outgoing: [], learners_next: [], auto_leave: false } }, latest_snapshot_meta: SnapshotMetadataSer { term: 0, index: 0 }, apply_progress_queue: EntryApplyProgressQueue(None), first_voter: Some(8756626355060636), peer_address_by_id: RwLock { data: {} }, peer_metadata_by_id: RwLock { data: {} }, cluster_metadata: {}, this_peer_id: 8756626355060636, path: "./storage/raft_state.json", dirty: false }
2026-03-12T01:18:37.894667Z  INFO qdrant: Distributed mode disabled
2026-03-12T01:18:37.899037Z  INFO qdrant: Telemetry reporting enabled, id: f38425f4-f97b-48dc-8d0c-11e84eb97809
2026-03-12T01:18:38.100048Z  WARN qdrant::startup: Failed to create init file indicator: failed to create file `.qdrant-initialized`: Permission denied (os error 13)
2026-03-12T01:18:38.102652Z DEBUG qdrant: Waiting for thread web to finish
2026-03-12T01:18:38.125214Z DEBUG reqwest::connect: starting new connection: https://telemetry.qdrant.io/
2026-03-12T01:18:38.127395Z  INFO qdrant::tonic: Qdrant gRPC listening on 6334
2026-03-12T01:18:38.127420Z  INFO qdrant::tonic: TLS disabled for gRPC API
2026-03-12T01:18:38.169140Z ERROR qdrant::startup: Panic backtrace: 
   0: qdrant::startup::setup_panic_hook::{{closure}}
   1: std::panicking::panic_with_hook
   2: std::panicking::panic_handler::{{closure}}
   3: std::sys::backtrace::__rust_end_short_backtrace
   4: __rustc::rust_begin_unwind
   5: core::panicking::panic_fmt
   6: core::result::unwrap_failed
   7: qdrant::actix::init::{{closure}}
   8: tokio::task::local::LocalSet::run_until::{{closure}}
   9: std::sys::backtrace::__rust_begin_short_backtrace
  10: core::ops::function::FnOnce::call_once{{vtable.shim}}
  11: std::sys::thread::unix::Thread::new::thread_start
  12: <unknown>
  13: __clone

2026-03-12T01:18:38.169286Z ERROR qdrant::startup: Panic occurred in file src/actix/mod.rs at line 70: called `Result::unwrap()` on an `Err` value: ServiceError { error: "Failed to create snapshots temp directory at ./snapshots/tmp: Custom { kind: PermissionDenied, error: Error { kind: CreateDir, source: Os { code: 13, kind: PermissionDenied, message: \"Permission denied\" }, path: \"./snapshots/tmp\" } }", backtrace: Some("   0: collection::operations::types::CollectionError::service_error\n   1: storage::content_manager::toc::temp_directories::<impl storage::content_manager::toc::TableOfContent>::snapshots_temp_path\n   2: qdrant::actix::init::{{closure}}\n   3: tokio::task::local::LocalSet::run_until::{{closure}}\n   4: std::sys::backtrace::__rust_begin_short_backtrace\n   5: core::ops::function::FnOnce::call_once{{vtable.shim}}\n   6: std::sys::thread::unix::Thread::new::thread_start\n   7: <unknown>\n   8: __clone\n") }
2026-03-12T01:18:38.183756Z DEBUG reqwest::connect: starting new connection: https://telemetry.qdrant.io/
2026-03-12T01:18:39.003267Z ERROR qdrant::startup: Panic backtrace: 
   0: qdrant::startup::setup_panic_hook::{{closure}}
   1: std::panicking::panic_with_hook
   2: std::panicking::panic_handler::{{closure}}
   3: std::sys::backtrace::__rust_end_short_backtrace
   4: __rustc::rust_begin_unwind
   5: core::panicking::panic_fmt
   6: core::result::unwrap_failed
   7: qdrant::main
   8: std::sys::backtrace::__rust_begin_short_backtrace
   9: main
  10: <unknown>
  11: __libc_start_main
  12: _start

2026-03-12T01:18:39.003339Z ERROR qdrant::startup: Panic occurred in file src/main.rs at line 683: thread is not panicking: Any { .. }
2026-03-12T01:18:39.061169Z DEBUG reqwest::connect: starting new connection: https://telemetry.qdrant.io/
