2026-03-12 01:03:00.689 UTC [34] LOG:  background worker "logical replication launcher" (PID 40) exited with exit code 1
2026-03-12 01:03:00.709 UTC [35] LOG:  shutting down
2026-03-12 01:03:00.712 UTC [35] LOG:  checkpoint starting: shutdown immediate
2026-03-12 01:03:00.811 UTC [35] LOG:  checkpoint complete: wrote 921 buffers (5.6%); 0 WAL file(s) added, 0 removed, 0 recycled; write=0.070 s, sync=0.009 s, total=0.103 s; sync files=301, longest=0.003 s, average=0.001 s; distance=4239 kB, estimate=4239 kB
2026-03-12 01:03:00.854 UTC [34] LOG:  database system is shut down
 done
server stopped

PostgreSQL init process complete; ready for start up.

2026-03-12 01:03:01.014 UTC [1] LOG:  starting PostgreSQL 15.17 on x86_64-pc-linux-musl, compiled by gcc (Alpine 15.2.0) 15.2.0, 64-bit
2026-03-12 01:03:01.014 UTC [1] LOG:  listening on IPv4 address "0.0.0.0", port 5432
2026-03-12 01:03:01.014 UTC [1] LOG:  listening on IPv6 address "::", port 5432
2026-03-12 01:03:01.023 UTC [1] LOG:  listening on Unix socket "/var/run/postgresql/.s.PGSQL.5432"
2026-03-12 01:03:01.034 UTC [50] LOG:  database system was shut down at 2026-03-12 01:03:00 UTC
2026-03-12 01:03:01.069 UTC [1] LOG:  database system is ready to accept connections
2026-03-12 01:03:03.242 UTC [59] FATAL:  database "ds-admin" does not exist
2026-03-12 01:03:33.318 UTC [67] FATAL:  database "ds-admin" does not exist
2026-03-12 01:04:03.415 UTC [75] FATAL:  database "ds-admin" does not exist
2026-03-12 01:04:33.658 UTC [85] FATAL:  database "ds-admin" does not exist
2026-03-12 01:05:03.925 UTC [93] FATAL:  database "ds-admin" does not exist
2026-03-12 01:05:33.993 UTC [101] FATAL:  database "ds-admin" does not exist
2026-03-12 01:06:04.095 UTC [109] FATAL:  database "ds-admin" does not exist
2026-03-12 01:06:34.748 UTC [117] FATAL:  database "ds-admin" does not exist
2026-03-12 01:07:05.190 UTC [126] FATAL:  database "ds-admin" does not exist
2026-03-12 01:07:35.375 UTC [134] FATAL:  database "ds-admin" does not exist
2026-03-12 01:08:01.141 UTC [48] LOG:  checkpoint starting: time
2026-03-12 01:08:03.565 UTC [48] LOG:  checkpoint complete: wrote 25 buffers (0.2%); 0 WAL file(s) added, 0 removed, 0 recycled; write=2.391 s, sync=0.006 s, total=2.425 s; sync files=11, longest=0.003 s, average=0.001 s; distance=65 kB, estimate=65 kB
2026-03-12 01:08:05.467 UTC [142] FATAL:  database "ds-admin" does not exist
2026-03-12 01:08:35.573 UTC [151] FATAL:  database "ds-admin" does not exist
2026-03-12 01:09:05.636 UTC [159] FATAL:  database "ds-admin" does not exist
2026-03-12 01:09:35.700 UTC [168] FATAL:  database "ds-admin" does not exist
2026-03-12 01:10:05.779 UTC [175] FATAL:  database "ds-admin" does not exist
2026-03-12 01:10:35.847 UTC [183] FATAL:  database "ds-admin" does not exist
2026-03-12 01:11:05.911 UTC [191] FATAL:  database "ds-admin" does not exist
2026-03-12 01:11:36.016 UTC [199] FATAL:  database "ds-admin" does not exist
2026-03-12 01:12:06.170 UTC [208] FATAL:  database "ds-admin" does not exist
2026-03-12 01:12:36.351 UTC [216] FATAL:  database "ds-admin" does not exist
2026-03-12 01:13:06.443 UTC [224] FATAL:  database "ds-admin" does not exist
2026-03-12 01:13:36.558 UTC [232] FATAL:  database "ds-admin" does not exist
2026-03-12 01:14:06.643 UTC [240] FATAL:  database "ds-admin" does not exist
2026-03-12 01:14:36.723 UTC [248] FATAL:  database "ds-admin" does not exist
2026-03-12 01:15:06.793 UTC [257] FATAL:  database "ds-admin" does not exist
2026-03-12 01:15:36.853 UTC [265] FATAL:  database "ds-admin" does not exist
2026-03-12 01:16:07.018 UTC [274] FATAL:  database "ds-admin" does not exist
2026-03-12 01:16:37.285 UTC [282] FATAL:  database "ds-admin" does not exist
2026-03-12 01:17:07.377 UTC [291] FATAL:  database "ds-admin" does not exist
2026-03-12 01:17:37.738 UTC [300] FATAL:  database "ds-admin" does not exist
2026-03-12 01:18:07.848 UTC [308] FATAL:  database "ds-admin" does not exist
2026-03-12 01:18:37.934 UTC [317] FATAL:  database "ds-admin" does not exist
