logger=infra.kvstore.sql t=2026-03-12T01:18:10.326772192Z level=debug msg="kvstore value inserted" orgId=1 namespace=alertmanager key=silences value=
logger=sqlstore.transactions t=2026-03-12T01:18:10.340068729Z level=info msg="Database locked, sleeping then retrying" error="database is locked" retry=0
logger=infra.kvstore.sql t=2026-03-12T01:18:10.343166773Z level=debug msg="kvstore value inserted" orgId=1 namespace=alertmanager key=notifications value=
logger=ngalert.notifier t=2026-03-12T01:18:10.351660371Z level=debug msg="Maintenance done" duration=46.499384ms size=0
logger=infra.lockservice t=2026-03-12T01:18:13.045361577Z level=debug msg="Start LockAndExecute" actionName=dashboard-cleanup
logger=ssosettings.service t=2026-03-12T01:18:13.053599711Z level=debug msg="reloading SSO Settings for all providers"
logger=infra.lockservice t=2026-03-12T01:18:13.055556939Z level=debug msg="Start execution" actionName=dashboard-cleanup
logger=dashboard-service t=2026-03-12T01:18:13.056749258Z level=debug msg="Running k8s dashboard resource cleanup for all orgs" numOrgs=1
logger=dashboard-service t=2026-03-12T01:18:13.057131817Z level=debug msg="Running k8s dashboard resource cleanup for org" orgID=1
logger=infra.kvstore.sql t=2026-03-12T01:18:13.057864636Z level=debug msg="kvstore value not found" orgId=1 namespace=dashboard-cleanup key=last-resource-version
logger=dashboard-service t=2026-03-12T01:18:13.057982058Z level=info msg="No last resource version found, starting from scratch" orgID=1
logger=grafana-apiserver t=2026-03-12T01:18:13.058421514Z level=debug msg=Request verb=GET url="https://127.0.0.1:3000/apis/dashboard.grafana.app/v0alpha1/namespaces/default/dashboards?labelSelector=grafana.app%2Fget-trash%3Dtrue&limit=10&resourceVersion=0&resourceVersionMatch=NotOlderThan" headers="Accept: application/json\nAuthorization: Bearer <masked>\nUser-Agent: grafana/v0.0.0 (linux/amd64) kubernetes/$Format\n"
logger=ssosettings.service t=2026-03-12T01:18:13.058546665Z level=debug msg="No SSO Settings found in the database, using system settings"
logger=ssosettings.service t=2026-03-12T01:18:13.05893681Z level=debug msg="No SSO Settings found in the database, using system settings"
logger=ssosettings.service t=2026-03-12T01:18:13.059104739Z level=debug msg="No SSO Settings found in the database, using system settings"
logger=ssosettings.service t=2026-03-12T01:18:13.0592061Z level=debug msg="No SSO Settings found in the database, using system settings"
logger=ssosettings.service t=2026-03-12T01:18:13.059278473Z level=debug msg="No SSO Settings found in the database, using system settings"
logger=ssosettings.service t=2026-03-12T01:18:13.059351349Z level=debug msg="No SSO Settings found in the database, using system settings"
logger=ssosettings.service t=2026-03-12T01:18:13.059485949Z level=debug msg="No SSO Settings found in the database, using system settings"
logger=ssosettings.service t=2026-03-12T01:18:13.059586203Z level=debug msg="No SSO Settings found in the database, using system settings"
logger=grafana-apiserver t=2026-03-12T01:18:13.061939697Z level=debug msg="grafana-apiserver: GET \"/apis/dashboard.grafana.app/v0alpha1/namespaces/default/dashboards\" satisfied by gorestful with webservice /apis/dashboard.grafana.app/v0alpha1"
logger=grafana-apiserver t=2026-03-12T01:18:13.070398737Z level=debug msg=HTTP verb=LIST URI= latency=8.79012ms userAgent="grafana/v0.0.0 (linux/amd64) kubernetes/$Format" audit-ID=4b02815b-4494-4c79-91a3-1bc305de2591 srcIP= resp=200
logger=grafana-apiserver t=2026-03-12T01:18:13.070573138Z level=debug msg=Response status="200 OK" milliseconds=11
logger=dashboard-service t=2026-03-12T01:18:13.071032277Z level=debug msg="No items to clean up in this batch" orgID=1
logger=infra.lockservice t=2026-03-12T01:18:13.071134278Z level=debug msg="Execution finished" actionName=dashboard-cleanup duration=15.583277ms
logger=infra.lockservice t=2026-03-12T01:18:13.071205613Z level=debug msg="LockAndExecute finished" actionName=dashboard-cleanup acquiredLock=true duration=25.857687ms
logger=secrets t=2026-03-12T01:18:13.072730869Z level=debug msg="Removing expired data keys from cache..."
logger=secrets t=2026-03-12T01:18:13.073013226Z level=debug msg="Removing expired data keys from cache finished successfully"
logger=ngalert.sender.router t=2026-03-12T01:18:13.191635512Z level=debug msg="Attempting to sync admin configs" count=0
logger=ngalert.sender.router t=2026-03-12T01:18:13.192111784Z level=debug msg="Finish of admin configuration sync"
logger=ngalert.multiorg.alertmanager t=2026-03-12T01:18:13.271769909Z level=debug msg="Synchronizing Alertmanagers for orgs"
logger=ngalert.notifier component=alertmanager orgID=1 t=2026-03-12T01:18:13.274753438Z level=debug msg="Config hasn't changed, skipping configuration sync."
logger=ngalert.multiorg.alertmanager t=2026-03-12T01:18:13.27743906Z level=debug msg="Done synchronizing Alertmanagers for orgs"
logger=ngalert.scheduler t=2026-03-12T01:18:20.001462616Z level=debug msg="Alert rules fetched" rulesCount=0 foldersCount=0 updatedRules=0
logger=ngalert.scheduler t=2026-03-12T01:18:30.001026807Z level=debug msg="Alert rules fetched" rulesCount=0 foldersCount=0 updatedRules=0
logger=ngalert.scheduler t=2026-03-12T01:18:40.003603334Z level=debug msg="Alert rules fetched" rulesCount=0 foldersCount=0 updatedRules=0
logger=infra.lockservice t=2026-03-12T01:18:43.044873956Z level=debug msg="Start LockAndExecute" actionName=dashboard-cleanup
logger=infra.lockservice t=2026-03-12T01:18:43.05814182Z level=debug msg="Start execution" actionName=dashboard-cleanup
logger=dashboard-service t=2026-03-12T01:18:43.059320406Z level=debug msg="Running k8s dashboard resource cleanup for all orgs" numOrgs=1
logger=dashboard-service t=2026-03-12T01:18:43.059741019Z level=debug msg="Running k8s dashboard resource cleanup for org" orgID=1
logger=infra.kvstore.sql t=2026-03-12T01:18:43.060514178Z level=debug msg="kvstore value not found" orgId=1 namespace=dashboard-cleanup key=last-resource-version
logger=dashboard-service t=2026-03-12T01:18:43.060837431Z level=info msg="No last resource version found, starting from scratch" orgID=1
logger=grafana-apiserver t=2026-03-12T01:18:43.061384551Z level=debug msg=Request verb=GET url="https://127.0.0.1:3000/apis/dashboard.grafana.app/v0alpha1/namespaces/default/dashboards?labelSelector=grafana.app%2Fget-trash%3Dtrue&limit=10&resourceVersion=0&resourceVersionMatch=NotOlderThan" headers="Accept: application/json\nAuthorization: Bearer <masked>\nUser-Agent: grafana/v0.0.0 (linux/amd64) kubernetes/$Format\n"
logger=grafana-apiserver t=2026-03-12T01:18:43.062952028Z level=debug msg="grafana-apiserver: GET \"/apis/dashboard.grafana.app/v0alpha1/namespaces/default/dashboards\" satisfied by gorestful with webservice /apis/dashboard.grafana.app/v0alpha1"
logger=grafana-apiserver t=2026-03-12T01:18:43.06762233Z level=debug msg=Response status="200 OK" milliseconds=5
logger=grafana-apiserver t=2026-03-12T01:18:43.06830365Z level=debug msg=HTTP verb=LIST URI= latency=6.21368ms userAgent="grafana/v0.0.0 (linux/amd64) kubernetes/$Format" audit-ID=c82cdfbb-ba5d-4a4e-8f52-c2d83a801ec2 srcIP= resp=200
logger=dashboard-service t=2026-03-12T01:18:43.069679864Z level=debug msg="No items to clean up in this batch" orgID=1
logger=infra.lockservice t=2026-03-12T01:18:43.070103035Z level=debug msg="Execution finished" actionName=dashboard-cleanup duration=11.983214ms
logger=infra.lockservice t=2026-03-12T01:18:43.070383388Z level=debug msg="LockAndExecute finished" actionName=dashboard-cleanup acquiredLock=true duration=25.523542ms
logger=ngalert.scheduler t=2026-03-12T01:18:50.001426933Z level=debug msg="Alert rules fetched" rulesCount=0 foldersCount=0 updatedRules=0
