[2026-02-07 01:43:30] [WARNING] User confirmed cleanup - proceeding with nuclear reset
[2026-02-07 01:43:30] [INFO] Found existing configuration: /root/ai-platform
[2026-02-07 01:43:33] [INFO] Skipping configuration backup
[2026-02-07 01:43:33] [INFO] Stopping all Docker containers...
[2026-02-07 01:43:33] [SUCCESS] All containers stopped
[2026-02-07 01:43:33] [INFO] Removing all Docker containers...
[2026-02-07 01:43:33] [SUCCESS] All containers removed
[2026-02-07 01:43:33] [INFO] Removing all Docker volumes...
[2026-02-07 01:43:33] [INFO] No volumes to remove
[2026-02-07 01:43:33] [INFO] Removing custom Docker networks...
[2026-02-07 01:43:33] [SUCCESS] Custom networks removed
[2026-02-07 01:43:33] [INFO] Removing all Docker images...
[2026-02-07 01:43:33] [INFO] No images to remove
[2026-02-07 01:43:33] [INFO] Performing Docker system prune...
[2026-02-07 01:43:33] [SUCCESS] Docker system pruned
[2026-02-07 01:43:33] [SUCCESS] Docker cleanup complete
[2026-02-07 01:43:33] [INFO] Removing: /root/ai-platform
[2026-02-07 01:43:33] [SUCCESS] Removed: /root/ai-platform (freed 56KiB)
[2026-02-07 01:43:33] [INFO] Removing: /mnt/data/ai-platform
[2026-02-07 01:43:33] [SUCCESS] Removed: /mnt/data/ai-platform (freed 16KiB)
[2026-02-07 01:43:33] [INFO] Not found: /opt/ai-platform
[2026-02-07 01:43:33] [INFO] Not found: /opt/ai-services
[2026-02-07 01:43:33] [INFO] Not found: /var/lib/ai-platform
[2026-02-07 01:43:33] [INFO] Not found: /var/log/ai-platform
[2026-02-07 01:43:33] [INFO] Not found: /var/backups/ai-platform
[2026-02-07 01:43:33] [INFO] Not found: /etc/ai-platform
[2026-02-07 01:43:33] [INFO] Cleaning old log files (>7 days) in /home/jglaine/AIPlatformAutomation/scripts/logs...
[2026-02-07 01:43:33] [SUCCESS] Old log files cleaned
[2026-02-07 01:43:33] [SUCCESS] Total disk space freed: 72KiB
[2026-02-07 01:43:33] [INFO] No systemd services found
[2026-02-07 01:43:33] [INFO] No system cron jobs found
[2026-02-07 01:43:33] [INFO] No user crontab entries found
[2026-02-07 01:43:33] [INFO] No NVIDIA GPU detected - skipping GPU cleanup
[2026-02-07 01:43:33] [INFO] Removing UFW rules for AI Platform...
[2026-02-07 01:43:35] [SUCCESS] UFW rules cleaned
[2026-02-07 01:43:35] [INFO] No user config files found
[2026-02-07 01:43:35] [INFO] Checking directories...
[2026-02-07 01:43:35] [INFO] Checking Docker resources...
[2026-02-07 01:43:36] [SUCCESS] Docker completely clean
[2026-02-07 01:43:36] [SUCCESS] No systemd services remaining
[2026-02-07 01:43:36] [SUCCESS] No cron jobs remaining
[2026-02-07 01:43:36] [SUCCESS] System is completely clean
[2026-02-07 01:43:36] [SUCCESS] AI Platform cleanup completed successfully!
[2026-02-07 01:43:36] [INFO] Total execution time: 10 seconds
[2026-02-07 01:43:36] [INFO] Log file: /home/jglaine/AIPlatformAutomation/scripts/logs/cleanup-20260207_014326.log
