ℹ[0m [2026-02-05 23:15:28] [INFO] [0;36mStarting 0-complete-cleanup.sh v1.2.0...[0m
⚠[0m [2026-02-05 23:15:28] [WARN] [1;33m---------------------------------------------------------------------[0m
⚠[0m [2026-02-05 23:15:28] [WARN] [1;33m WARNING: This script will perform a nuclear reset of your AI Platform setup.[0m
⚠[0m [2026-02-05 23:15:28] [WARN] [1;33m It will attempt to stop and remove all related Docker resources[0m
⚠[0m [2026-02-05 23:15:28] [WARN] [1;33m (containers, networks, volumes) and delete ALL project-related directories and files.[0m
⚠[0m [2026-02-05 23:15:28] [WARN] [1;33m All data stored within these directories and volumes will be LOST.[0m
⚠[0m [2026-02-05 23:15:28] [WARN] [1;33m Only the 'scripts' directory and the '.git' repository (if present) should remain.[0m
⚠[0m [2026-02-05 23:15:28] [WARN] [1;33m---------------------------------------------------------------------[0m

ℹ[0m [2026-02-05 23:15:28] [CONFIRM] [1;33mAre you absolutely sure you want to proceed with this nuclear cleanup? [y/N]: [0m
ℹ[0m [2026-02-05 23:15:30] [INFO] [0;36mProceeding with nuclear cleanup...[0m
ℹ[0m [2026-02-05 23:15:30] [INFO] [0;36m--- Step 1: Cleaning Docker Resources ---[0m
ℹ[0m [2026-02-05 23:15:30] [INFO] [0;36mAttempting to stop and remove all Docker containers related to AI Platform...[0m
✓[0m [2026-02-05 23:15:30] [SUCCESS] [0;32mStopped running AI Platform containers.[0m
ℹ[0m [2026-02-05 23:15:30] [INFO] [0;36mAttempting to remove all AI Platform Docker containers...[0m
✓[0m [2026-02-05 23:15:30] [SUCCESS] [0;32mRemoved all AI Platform containers.[0m
ℹ[0m [2026-02-05 23:15:30] [INFO] [0;36mAttempting to remove AI Platform specific Docker networks...[0m
✓[0m [2026-02-05 23:15:30] [SUCCESS] [0;32mRemoved AI Platform Docker networks.[0m
ℹ[0m [2026-02-05 23:15:30] [INFO] [0;36mAttempting to remove AI Platform specific Docker volumes...[0m
✓[0m [2026-02-05 23:15:30] [SUCCESS] [0;32mRemoved AI Platform Docker volumes.[0m
ℹ[0m [2026-02-05 23:15:30] [CONFIRM] [1;33mDo you want to remove ALL Docker containers, networks, and dangling images on this system? This is a more aggressive cleanup and may affect other Docker setups. [y/N]: [0mℹ[0m [2026-02-05 23:15:31] [INFO] [0;36mPerforming comprehensive Docker cleanup...[0m
ℹ[0m [2026-02-05 23:15:31] [INFO] [0;36mStopping and removing ALL Docker containers...[0m
✓[0m [2026-02-05 23:15:31] [SUCCESS] [0;32mStopped running containers.[0m
✓[0m [2026-02-05 23:15:31] [SUCCESS] [0;32mRemoved all containers.[0m
ℹ[0m [2026-02-05 23:15:31] [INFO] [0;36mRemoving ALL unused Docker networks...[0m
✓[0m [2026-02-05 23:15:31] [SUCCESS] [0;32mPruned all unused Docker networks.[0m
ℹ[0m [2026-02-05 23:15:31] [INFO] [0;36mRemoving ALL dangling Docker images...[0m
✓[0m [2026-02-05 23:15:31] [SUCCESS] [0;32mPruned all dangling Docker images.[0m
✓[0m [2026-02-05 23:15:31] [SUCCESS] [0;32mComprehensive Docker cleanup completed.[0m
✓[0m [2026-02-05 23:15:31] [SUCCESS] [0;32mDocker resource cleanup for AI Platform completed.[0m
ℹ[0m [2026-02-05 23:15:31] [INFO] [0;36m--- Step 2: Cleaning Project Directories ---[0m
ℹ[0m [2026-02-05 23:15:31] [INFO] [0;36mDetermining project root directory for cleanup...[0m
ℹ[0m [2026-02-05 23:15:31] [INFO] [0;36mProject Root Directory set to: /home/jglaine/AIPlatformAutomation[0m
./0-complete-cleanup.sh: line 197: DEFAULT_INSTALL_SUBDIR: unbound variable
